2019-04-15 18:26:42,400 - instagram_scraper.scraper - WARNING - Failed to get media details for BvibEkklt7C
2019-04-15 18:26:43,284 - instagram_scraper.scraper - WARNING - Failed to get media details for BvibEknF8i4
2019-04-15 18:26:43,982 - instagram_scraper.scraper - WARNING - Failed to get media details for BvibEkmFLwb
2019-04-15 18:26:44,825 - instagram_scraper.scraper - WARNING - Failed to get media details for BvibEkll0cr
2019-04-15 18:26:45,467 - instagram_scraper.scraper - WARNING - Failed to get media details for BvibEkmloEW
2019-04-15 18:26:46,156 - instagram_scraper.scraper - WARNING - Failed to get media details for BvibEkmlLY2
2019-04-15 18:26:46,869 - instagram_scraper.scraper - WARNING - Failed to get media details for BvibEkoFBpp
2019-04-15 18:26:47,551 - instagram_scraper.scraper - WARNING - Failed to get media details for BvibEkllmHA
2019-04-15 18:26:48,263 - instagram_scraper.scraper - WARNING - Failed to get media details for BvibEkmFw7A
2019-04-15 18:26:49,094 - instagram_scraper.scraper - WARNING - Failed to get media details for BvibEkoF2XS
2019-04-15 18:26:50,761 - instagram_scraper.scraper - WARNING - Failed to get media details for BtVVhZWnBzT
2019-04-15 18:26:51,482 - instagram_scraper.scraper - WARNING - Failed to get media details for BtVVhZYHDsx
2019-04-15 18:26:52,153 - instagram_scraper.scraper - WARNING - Failed to get media details for BtVVhZXnWvX
2019-04-15 18:26:52,787 - instagram_scraper.scraper - WARNING - Failed to get media details for BtVVhZYHk0W
2019-04-15 18:26:53,579 - instagram_scraper.scraper - WARNING - Failed to get media details for BtVVhZXHck7
2019-04-15 18:26:54,213 - instagram_scraper.scraper - WARNING - Failed to get media details for BtVVhZYnKgQ
2019-04-15 18:26:59,918 - instagram_scraper.scraper - WARNING - Failed to get media details for Bn5N4-fHtS7
2019-04-15 18:27:00,495 - instagram_scraper.scraper - WARNING - Failed to get media details for Bn5N4-lHhHI
2019-04-15 18:27:01,122 - instagram_scraper.scraper - WARNING - Failed to get media details for Bn5N4_KHO_V
2019-04-15 18:27:01,817 - instagram_scraper.scraper - WARNING - Failed to get media details for Bn5N4_xnIcz
2019-04-15 18:27:04,300 - instagram_scraper.scraper - WARNING - Failed to get media details for BmNqmbknPc2
2019-04-15 18:27:04,927 - instagram_scraper.scraper - WARNING - Failed to get media details for BmNqnHfn60s
2019-04-15 18:27:05,556 - instagram_scraper.scraper - WARNING - Failed to get media details for BmNqmdEnLQU
2019-04-15 18:27:06,453 - instagram_scraper.scraper - WARNING - Failed to get media details for BmIgKFaH_mB
2019-04-15 18:27:07,244 - instagram_scraper.scraper - WARNING - Failed to get media details for BmIgKHUnl-y
2019-04-15 18:27:07,849 - instagram_scraper.scraper - WARNING - Failed to get media details for BmIgKD6HPXi
2019-04-15 18:27:10,353 - instagram_scraper.scraper - WARNING - Failed to get media details for BlkaJ79nGiy
2019-04-15 18:27:11,106 - instagram_scraper.scraper - WARNING - Failed to get media details for BlkaJ7UHFnL
2019-04-15 18:27:11,824 - instagram_scraper.scraper - WARNING - Failed to get media details for BlkaJ8OnatI
2019-04-15 18:27:12,448 - instagram_scraper.scraper - WARNING - Failed to get media details for BlkaJ7UHI5n
2019-04-15 18:27:13,327 - instagram_scraper.scraper - WARNING - Failed to get media details for BlaLlxNHrxy
2019-04-15 18:27:13,956 - instagram_scraper.scraper - WARNING - Failed to get media details for BlaLlz7H2gc
2019-04-15 18:27:14,550 - instagram_scraper.scraper - WARNING - Failed to get media details for BlaLlz8Hu_9
2019-04-15 18:27:15,155 - instagram_scraper.scraper - WARNING - Failed to get media details for BlaLl1CnTk-
2019-04-15 18:27:16,213 - instagram_scraper.scraper - WARNING - Failed to get media details for BlKlfcSnGvi
2019-04-15 18:27:16,838 - instagram_scraper.scraper - WARNING - Failed to get media details for BlKlfdonrwT
2019-04-15 18:27:17,656 - instagram_scraper.scraper - WARNING - Failed to get media details for BlKlfe5HdX-
2019-04-15 18:27:18,852 - instagram_scraper.scraper - WARNING - Failed to get media details for Bk4g9qTnZbu
2019-04-15 18:27:19,455 - instagram_scraper.scraper - WARNING - Failed to get media details for Bk4g9ryHH51
2019-04-15 18:27:20,104 - instagram_scraper.scraper - WARNING - Failed to get media details for Bk4g9sfn_my
2019-04-15 18:27:20,803 - instagram_scraper.scraper - WARNING - Failed to get media details for Bk4g9tbHjn0
2019-04-15 18:27:21,453 - instagram_scraper.scraper - WARNING - Failed to get media details for Bk4g9t2HB0V
2019-04-15 18:27:22,070 - instagram_scraper.scraper - WARNING - Failed to get media details for Bk4g9xon_Ob
2019-04-15 18:27:22,990 - instagram_scraper.scraper - WARNING - Failed to get media details for Bk2HfYXnqmR
2019-04-15 18:27:23,581 - instagram_scraper.scraper - WARNING - Failed to get media details for Bk2HfXhHV_K
2019-04-15 18:27:26,249 - instagram_scraper.scraper - WARNING - Retry after exception HTTPError('429 Client Error: - for url: https://www.instagram.com/graphql/query/?query_hash=33ba35852cb50da46f5b5e889df7d159&variables=%7B%22shortcode%22:%22BvyfS5llJ0s%22,%22first%22:50,%22after%22:%22%22%7D',) on https://www.instagram.com/graphql/query/?query_hash=33ba35852cb50da46f5b5e889df7d159&variables={"shortcode":"BvyfS5llJ0s","first":50,"after":""}
2019-04-15 18:27:31,349 - instagram_scraper.scraper - WARNING - Retry after exception HTTPError('429 Client Error: - for url: https://www.instagram.com/graphql/query/?query_hash=33ba35852cb50da46f5b5e889df7d159&variables=%7B%22shortcode%22:%22BvyfS5llJ0s%22,%22first%22:50,%22after%22:%22%22%7D',) on https://www.instagram.com/graphql/query/?query_hash=33ba35852cb50da46f5b5e889df7d159&variables={"shortcode":"BvyfS5llJ0s","first":50,"after":""}
2019-04-15 18:27:41,453 - instagram_scraper.scraper - WARNING - Retry after exception HTTPError('429 Client Error: - for url: https://www.instagram.com/graphql/query/?query_hash=33ba35852cb50da46f5b5e889df7d159&variables=%7B%22shortcode%22:%22BvyfS5llJ0s%22,%22first%22:50,%22after%22:%22%22%7D',) on https://www.instagram.com/graphql/query/?query_hash=33ba35852cb50da46f5b5e889df7d159&variables={"shortcode":"BvyfS5llJ0s","first":50,"after":""}
2019-04-15 18:28:01,584 - instagram_scraper.scraper - WARNING - Retry after exception HTTPError('429 Client Error: - for url: https://www.instagram.com/graphql/query/?query_hash=33ba35852cb50da46f5b5e889df7d159&variables=%7B%22shortcode%22:%22BvyfS5llJ0s%22,%22first%22:50,%22after%22:%22%22%7D',) on https://www.instagram.com/graphql/query/?query_hash=33ba35852cb50da46f5b5e889df7d159&variables={"shortcode":"BvyfS5llJ0s","first":50,"after":""}
2019-04-15 18:28:41,740 - instagram_scraper.scraper - WARNING - Retry after exception HTTPError('429 Client Error: - for url: https://www.instagram.com/graphql/query/?query_hash=33ba35852cb50da46f5b5e889df7d159&variables=%7B%22shortcode%22:%22BvyfS5llJ0s%22,%22first%22:50,%22after%22:%22%22%7D',) on https://www.instagram.com/graphql/query/?query_hash=33ba35852cb50da46f5b5e889df7d159&variables={"shortcode":"BvyfS5llJ0s","first":50,"after":""}
2019-04-15 18:29:55,507 - instagram_scraper.scraper - WARNING - Failed to get media details for BkKCaYsnwJc
2019-04-15 18:29:56,232 - instagram_scraper.scraper - WARNING - Failed to get media details for BkKCaZWn6U7
2019-04-15 18:29:58,624 - instagram_scraper.scraper - WARNING - Failed to get media details for BjtuX9fHoF6
2019-04-15 18:29:59,256 - instagram_scraper.scraper - WARNING - Failed to get media details for BjtuX9lnE1_
2019-04-15 18:29:59,870 - instagram_scraper.scraper - WARNING - Failed to get media details for BjtuX94H_5A
2019-04-15 18:30:01,050 - instagram_scraper.scraper - WARNING - Failed to get media details for Bjq0S2ynydh
2019-04-15 18:30:01,615 - instagram_scraper.scraper - WARNING - Failed to get media details for Bjq0S4aHVqX
